uvicorn : Traceback (most recent call last):
At line:1 char:1
+ uvicorn main:app --host 0.0.0.0 --port 8000 2> error.log
+ ~~~~~~~~~~~~~~~~~~~~~~~~~~~~~~~~~~~~~~~~~~~~~~~~~~~~~~~~
    + CategoryInfo          : NotSpecified: (Traceback (mo 
   st recent call last)::String) [], RemoteException
    + FullyQualifiedErrorId : NativeCommandError
 
  File "<frozen runpy>", line 198, in _run_module_as_main
  File "<frozen runpy>", line 88, in _run_code
  File "C:\Users\Abhinandan Singh\AppData\Local\Programs\Py
thon\Python312\Scripts\uvicorn.exe\__main__.py", line 6, 
in <module>
  File "C:\Users\Abhinandan Singh\AppData\Local\Programs\Py
thon\Python312\Lib\site-packages\click\core.py", line 
1442, in __call__
    return self.main(*args, **kwargs)
           ^^^^^^^^^^^^^^^^^^^^^^^^^^
  File "C:\Users\Abhinandan Singh\AppData\Local\Programs\Py
thon\Python312\Lib\site-packages\click\core.py", line 
1363, in main
    rv = self.invoke(ctx)
         ^^^^^^^^^^^^^^^^
  File "C:\Users\Abhinandan Singh\AppData\Local\Programs\Py
thon\Python312\Lib\site-packages\click\core.py", line 
1226, in invoke
    return ctx.invoke(self.callback, **ctx.params)
           ^^^^^^^^^^^^^^^^^^^^^^^^^^^^^^^^^^^^^^^
  File "C:\Users\Abhinandan Singh\AppData\Local\Programs\Py
thon\Python312\Lib\site-packages\click\core.py", line 794, 
in invoke
    return callback(*args, **kwargs)
           ^^^^^^^^^^^^^^^^^^^^^^^^^
  File "C:\Users\Abhinandan Singh\AppData\Local\Programs\Py
thon\Python312\Lib\site-packages\uvicorn\main.py", line 
418, in main
    run(
  File "C:\Users\Abhinandan Singh\AppData\Local\Programs\Py
thon\Python312\Lib\site-packages\uvicorn\main.py", line 
587, in run
    server.run()
  File "C:\Users\Abhinandan Singh\AppData\Local\Programs\Py
thon\Python312\Lib\site-packages\uvicorn\server.py", line 
62, in run
    return asyncio.run(self.serve(sockets=sockets))
           ^^^^^^^^^^^^^^^^^^^^^^^^^^^^^^^^^^^^^^^^
  File "C:\Users\Abhinandan Singh\AppData\Local\Programs\Py
thon\Python312\Lib\asyncio\runners.py", line 194, in run
    return runner.run(main)
           ^^^^^^^^^^^^^^^^
  File "C:\Users\Abhinandan Singh\AppData\Local\Programs\Py
thon\Python312\Lib\asyncio\runners.py", line 118, in run
    return self._loop.run_until_complete(task)
           ^^^^^^^^^^^^^^^^^^^^^^^^^^^^^^^^^^^
  File "C:\Users\Abhinandan Singh\AppData\Local\Programs\Py
thon\Python312\Lib\asyncio\base_events.py", line 686, in 
run_until_complete
    return future.result()
           ^^^^^^^^^^^^^^^
  File "C:\Users\Abhinandan Singh\AppData\Local\Programs\Py
thon\Python312\Lib\site-packages\uvicorn\server.py", line 
69, in serve
    config.load()
  File "C:\Users\Abhinandan Singh\AppData\Local\Programs\Py
thon\Python312\Lib\site-packages\uvicorn\config.py", line 
458, in load
    self.loaded_app = import_from_string(self.app)
                      ^^^^^^^^^^^^^^^^^^^^^^^^^^^^
  File "C:\Users\Abhinandan Singh\AppData\Local\Programs\Py
thon\Python312\Lib\site-packages\uvicorn\importer.py", 
line 21, in import_from_string
    module = importlib.import_module(module_str)
             ^^^^^^^^^^^^^^^^^^^^^^^^^^^^^^^^^^^
  File "C:\Users\Abhinandan Singh\AppData\Local\Programs\Py
thon\Python312\Lib\importlib\__init__.py", line 90, in 
import_module
    return _bootstrap._gcd_import(name[level:], package, 
level)
           
^^^^^^^^^^^^^^^^^^^^^^^^^^^^^^^^^^^^^^^^^^^^^^^^^^^^
  File "<frozen importlib._bootstrap>", line 1387, in 
_gcd_import
  File "<frozen importlib._bootstrap>", line 1360, in 
_find_and_load
  File "<frozen importlib._bootstrap>", line 1331, in 
_find_and_load_unlocked
  File "<frozen importlib._bootstrap>", line 935, in 
_load_unlocked
  File "<frozen importlib._bootstrap_external>", line 999, 
in exec_module
  File "<frozen importlib._bootstrap>", line 488, in 
_call_with_frames_removed
  File "C:\Users\Abhinandan Singh\Desktop\projects\Hole-Lot
ta-Problems\Hole-lotta-problems\backend\Hole-Lotta-Problems
\backend\main.py", line 3, in <module>
    from api import reports, heatmap, dashboard, health
  File "C:\Users\Abhinandan Singh\Desktop\projects\Hole-Lot
ta-Problems\Hole-lotta-problems\backend\Hole-Lotta-Problems
\backend\api\reports.py", line 4, in <module>
    from services.detection import run_detection
  File "C:\Users\Abhinandan Singh\Desktop\projects\Hole-Lot
ta-Problems\Hole-lotta-problems\backend\Hole-Lotta-Problems
\backend\services\detection.py", line 5, in <module>
    from utils.config import settings
  File "C:\Users\Abhinandan Singh\Desktop\projects\Hole-Lot
ta-Problems\Hole-lotta-problems\backend\Hole-Lotta-Problems
\backend\utils\config.py", line 19, in <module>
    settings = Settings()
               ^^^^^^^^^^
  File "C:\Users\Abhinandan Singh\AppData\Local\Programs\Py
thon\Python312\Lib\site-packages\pydantic_settings\main.py"
, line 242, in __init__
    super().__init__(**__pydantic_self__.__class__._setting
s_build_values(sources, init_kwargs))
  File "C:\Users\Abhinandan Singh\AppData\Local\Programs\Py
thon\Python312\Lib\site-packages\pydantic\main.py", line 
250, in __init__
    validated_self = 
self.__pydantic_validator__.validate_python(data, 
self_instance=self)
                     ^^^^^^^^^^^^^^^^^^^^^^^^^^^^^^^^^^^^^^
^^^^^^^^^^^^^^^^^^^^^^^^^^^^^^^
pydantic_core._pydantic_core.ValidationError: 1 validation 
error for Settings
DATABASE_URL
  Field required [type=missing, input_value={}, 
input_type=dict]
    For further information visit 
https://errors.pydantic.dev/2.12/v/missing
